Arguments: 
  /usr/bin/node /usr/bin/yarn init

PATH: 
  /home/daniel/.jenv/shims:/home/daniel/.jenv/bin:/home/daniel/bin:/usr/local/sbin:/usr/local/bin:/usr/sbin:/usr/bin:/sbin:/bin:/usr/games:/usr/local/games:/snap/bin:/home/daniel/.fzf/bin:/home/daniel/.local/bin:/home/daniel/bin:/home/daniel/.yarn/bin:/home/daniel/apps/spring/bin:/home/daniel/workspace/go/bin:/home/daniel/apps/flutter/bin

Yarn version: 
  1.13.0

Node version: 
  10.13.0

Platform: 
  linux x64

Trace: 
  Error: canceled
      at Interface.<anonymous> (/usr/lib/node_modules/yarn/lib/cli.js:125657:13)
      at Interface.emit (events.js:182:13)
      at Interface._ttyWrite (readline.js:783:16)
      at ReadStream.onkeypress (readline.js:168:10)
      at ReadStream.emit (events.js:182:13)
      at emitKeys (internal/readline.js:424:14)
      at emitKeys.next (<anonymous>)
      at ReadStream.onData (readline.js:1022:36)
      at ReadStream.emit (events.js:182:13)
      at addChunk (_stream_readable.js:283:12)

npm manifest: 
  No manifest

yarn manifest: 
  No manifest

Lockfile: 
  No lockfile
